<?xml version="1.0" encoding="UTF-8" ?>
<testsuite errors="0" failures="0" hostname="empien" name="sakki.MoveTest" tests="5" time="0.091" timestamp="2011-03-29T23:14:50">
  <properties>
    <property name="default.javac.source" value="1.6" />
    <property name="file.encoding.pkg" value="sun.io" />
    <property name="libs.toplink.maven-pom" value="" />
    <property name="javac.source" value="1.5" />
    <property name="netbeans.system_http_proxy" value="DIRECT" />
    <property name="java.home" value="/usr/lib/jvm/java-6-openjdk/jre" />
    <property name="libs.eclipselinkmodelgen.classpath" value="/home/tuomas/.netbeans7.0b2/java/modules/ext/eclipselink/eclipselink-jpa-modelgen-2.2.0.jar" />
    <property name="do.archive+manifest.available+main.class" value="true" />
    <property name="test.src.dir" value="test" />
    <property name="libs.jaxws21.src" value="" />
    <property name="javadoc.version" value="false" />
    <property name="libs.CopyLibs.classpath" value="/home/tuomas/.netbeans7.0b2/java/ant/extra/org-netbeans-modules-java-j2seproject-copylibstask.jar" />
    <property name="libs.javac-api.src" value="" />
    <property name="java.endorsed.dirs" value="/usr/lib/jvm/java-6-openjdk/jre/lib/endorsed" />
    <property name="libs.MySQLDriver.classpath" value="/home/tuomas/.netbeans7.0b2/ide/modules/ext/mysql-connector-java-5.1.13-bin.jar" />
    <property name="libs.jaxb.javadoc" value="/home/tuomas/.netbeans7.0b2/ide/docs/jaxb-api-doc.zip" />
    <property name="libs.junit.maven-pom" value="" />
    <property name="libs.PostgreSQLDriver.src" value="" />
    <property name="src.dir" value="src" />
    <property name="sun.java2d.noddraw" value="true" />
    <property name="debug-args-line" value="-Xdebug" />
    <property name="netbeans.hash.code" value="unique=NB_JAVA0862ef409-3f1c-46b4-9ea6-6475704dc628_f4a9f487-3e38-41a3-a67b-716e659c2cba" />
    <property name="build.sysclasspath" value="ignore" />
    <property name="have.sources" value="true" />
    <property name="includes" value="**" />
    <property name="javac.fork" value="false" />
    <property name="source.encoding" value="UTF-8" />
    <property name="libs.jaxws21.classpath" value="/home/tuomas/.netbeans7.0b2/ide/modules/ext/jaxb/jaxb-impl.jar:/home/tuomas/.netbeans7.0b2/ide/modules/ext/jaxb/jaxb-xjc.jar:/home/tuomas/.netbeans7.0b2/java/modules/ext/jaxws22/FastInfoset.jar:/home/tuomas/.netbeans7.0b2/java/modules/ext/jaxws22/gmbal-api-only.jar:/home/tuomas/.netbeans7.0b2/java/modules/ext/jaxws22/http.jar:/home/tuomas/.netbeans7.0b2/java/modules/ext/jaxws22/jaxws-rt.jar:/home/tuomas/.netbeans7.0b2/java/modules/ext/jaxws22/jaxws-tools.jar:/home/tuomas/.netbeans7.0b2/java/modules/ext/jaxws22/management-api.jar:/home/tuomas/.netbeans7.0b2/java/modules/ext/jaxws22/mimepull.jar:/home/tuomas/.netbeans7.0b2/java/modules/ext/jaxws22/policy.jar:/home/tuomas/.netbeans7.0b2/java/modules/ext/jaxws22/saaj-impl.jar:/home/tuomas/.netbeans7.0b2/java/modules/ext/jaxws22/stax-ex.jar:/home/tuomas/.netbeans7.0b2/java/modules/ext/jaxws22/streambuffer.jar:/home/tuomas/.netbeans7.0b2/java/modules/ext/jaxws22/woodstox.jar:/home/tuomas/.netbeans7.0b2/java/modules/ext/jaxws22/api/jaxws-api.jar:/home/tuomas/.netbeans7.0b2/java/modules/ext/jaxws22/api/jsr181-api.jar:/home/tuomas/.netbeans7.0b2/java/modules/ext/jaxws22/api/jsr250-api.jar:/home/tuomas/.netbeans7.0b2/java/modules/ext/jaxws22/api/saaj-api.jar:/home/tuomas/.netbeans7.0b2/ide/modules/ext/jaxb/activation.jar:/home/tuomas/.netbeans7.0b2/ide/modules/ext/jaxb/api/jaxb-api.jar:/home/tuomas/.netbeans7.0b2/ide/modules/ext/jaxb/api/jsr173_api.jar" />
    <property name="libs.swing-app-framework.javadoc" value="/home/tuomas/.netbeans7.0b2/java/docs/appframework-1.0.3-doc.zip" />
    <property name="sun.os.patch.level" value="unknown" />
    <property name="java.vendor.url" value="http://java.sun.com/" />
    <property name="java.version" value="1.6.0_20" />
    <property name="nb.show.statistics.ui" value="usageStatisticsEnabled" />
    <property name="javac.debug" value="true" />
    <property name="org.openide.major.version" value="IDE/1" />
    <property name="run.classpath" value=":build/classes" />
    <property name="libs.PostgreSQLDriver.maven-pom" value="" />
    <property name="java.vendor.url.bug" value="http://java.sun.com/cgi-bin/bugreport.cgi" />
    <property name="netbeans.autoupdate.variant" value="" />
    <property name="libs.eclipselink.javadoc" value="" />
    <property name="libs.absolutelayout.javadoc" value="" />
    <property name="libs.junit_4.maven-pom" value="" />
    <property name="netbeans.buildnumber" value="201102140001" />
    <property name="ant.project.invoked-targets" value="test" />
    <property name="jna.platform.library.path" value="/usr/lib64:/lib64" />
    <property name="annotation.processing.run.all.processors" value="true" />
    <property name="manifest.file" value="manifest.mf" />
    <property name="libs.swing-app-framework.maven-pom" value="" />
    <property name="user.name" value="tuomas" />
    <property name="manifest.available+main.class+mkdist.available" value="true" />
    <property name="libs.eclipselinkmodelgen.src" value="" />
    <property name="empty.dir" value="/home/tuomas/opiskelu/sakki/build/empty" />
    <property name="sun.io.unicode.encoding" value="UnicodeLittle" />
    <property name="sun.jnu.encoding" value="UTF-8" />
    <property name="java.runtime.name" value="OpenJDK Runtime Environment" />
    <property name="jdk.home" value="/usr/lib/jvm/java-6-openjdk" />
    <property name="netbeans.autoupdate.version" value="1.23" />
    <property name="netbeans.dirs" value="/home/tuomas/.netbeans7.0b2/nb:/home/tuomas/.netbeans7.0b2/bin/../ergonomics:/home/tuomas/.netbeans7.0b2/ide:/home/tuomas/.netbeans7.0b2/java:/home/tuomas/.netbeans7.0b2/bin/../xml:/home/tuomas/.netbeans7.0b2/apisupport:/home/tuomas/.netbeans7.0b2/bin/../webcommon:/home/tuomas/.netbeans7.0b2/websvccommon:/home/tuomas/.netbeans7.0b2/bin/../enterprise:/home/tuomas/.netbeans7.0b2/bin/../mobility:/home/tuomas/.netbeans7.0b2/profiler:/home/tuomas/.netbeans7.0b2/bin/../ruby:/home/tuomas/.netbeans7.0b2/bin/../python:/home/tuomas/.netbeans7.0b2/bin/../php:/home/tuomas/.netbeans7.0b2/bin/../visualweb:/home/tuomas/.netbeans7.0b2/bin/../soa:/home/tuomas/.netbeans7.0b2/bin/../identity:/home/tuomas/.netbeans7.0b2/bin/../uml:/home/tuomas/.netbeans7.0b2/harness:/home/tuomas/.netbeans7.0b2/bin/../cnd:/home/tuomas/.netbeans7.0b2/bin/../dlight:/home/tuomas/.netbeans7.0b2/bin/../groovy:/home/tuomas/.netbeans7.0b2/bin/../extra:/home/tuomas/.netbeans7.0b2/bin/../javafx:/home/tuomas/.netbeans7.0b2/bin/../javacard:" />
    <property name="main.class.available" value="true" />
    <property name="java.specification.name" value="Java Platform API Specification" />
    <property name="javadoc.author" value="false" />
    <property name="libs.hibernate-support.javadoc" value="" />
    <property name="user.timezone" value="" />
    <property name="netbeans.system_http_non_proxy_hosts" value="" />
    <property name="manifest.available" value="true" />
    <property name="libs.spring-framework.maven-pom" value="" />
    <property name="libs.swing-layout.maven-pom" value="" />
    <property name="libs.junit.javadoc" value="/home/tuomas/.netbeans7.0b2/java/docs/junit-3.8.2-api.zip" />
    <property name="org.openide.specification.version" value="6.2" />
    <property name="path.separator" value=":" />
    <property name="version-output" value="java version &quot;1.6" />
    <property name="libs.ejb3-persistence.src" value="" />
    <property name="libs.absolutelayout.classpath" value="/home/tuomas/.netbeans7.0b2/java/modules/ext/AbsoluteLayout.jar" />
    <property name="libs.jaxb.maven-pom" value="" />
    <property name="netbeans.accept_license_class" value="org.netbeans.license.AcceptLicense" />
    <property name="file.encoding" value="UTF-8" />
    <property name="libs.eclipselink.src" value="" />
    <property name="dist.javadoc.dir" value="dist/javadoc" />
    <property name="ant.project.default-target" value="default" />
    <property name="libs.hibernate-persistence.javadoc" value="" />
    <property name="libs.ejb3-persistence.classpath" value="/home/tuomas/.netbeans7.0b2/java/modules/ext/hibernate/ejb3-persistence.jar" />
    <property name="built-jar.properties" value="/home/tuomas/opiskelu/sakki/build/built-jar.properties" />
    <property name="libs.junit.src" value="/home/tuomas/.netbeans7.0b2/java/docs/junit-3.8.2-src.jar" />
    <property name="ant.junit.enabletestlistenerevents" value="true" />
    <property name="ant.file" value="/home/tuomas/opiskelu/sakki/build.xml" />
    <property name="libs.junit_4.src" value="/home/tuomas/.netbeans7.0b2/java/docs/junit-4.8.2-src.jar" />
    <property name="netbeans.autoupdate.language" value="en" />
    <property name="java.io.tmpdir" value="/tmp" />
    <property name="build.test.results.dir" value="build/test/results" />
    <property name="user.language" value="en" />
    <property name="libs.spring-framework300.src" value="" />
    <property name="line.separator" value="&#xa;" />
    <property name="apple.laf.useScreenMenuBar" value="true" />
    <property name="libs.absolutelayout.src" value="" />
    <property name="javac.compilerargs" value="" />
    <property name="libs.hibernate-support.maven-pom" value="" />
    <property name="jar.compress" value="false" />
    <property name="debug-transport-by-os" value="dt_socket" />
    <property name="libs.JWSAntTasks.src" value="" />
    <property name="libs.hibernate-persistence.maven-pom" value="" />
    <property name="java.vm.info" value="mixed mode" />
    <property name="ant.file.Sakki-impl" value="/home/tuomas/opiskelu/sakki/nbproject/build-impl.xml" />
    <property name="libs.javac-api.maven-pom" value="" />
    <property name="javadoc.private" value="false" />
    <property name="annotation.processing.processors.list" value="" />
    <property name="sun.desktop" value="gnome" />
    <property name="build.test.classes.dir" value="build/test/classes" />
    <property name="java.vm.specification.name" value="Java Virtual Machine Specification" />
    <property name="libs.jaxb.src" value="" />
    <property name="libs.MySQLDriver.javadoc" value="" />
    <property name="netbeans.dynamic.classpath" value="/home/tuomas/.netbeans7.0b2/platform/core/core.jar:/home/tuomas/.netbeans7.0b2/platform/core/org-openide-filesystems.jar:/home/tuomas/.netbeans7.0b2/platform/core/locale/core_ja.jar:/home/tuomas/.netbeans7.0b2/platform/core/locale/core_pt_BR.jar:/home/tuomas/.netbeans7.0b2/platform/core/locale/core_ru.jar:/home/tuomas/.netbeans7.0b2/platform/core/locale/core_zh_CN.jar:/home/tuomas/.netbeans7.0b2/platform/core/locale/org-openide-filesystems_ja.jar:/home/tuomas/.netbeans7.0b2/platform/core/locale/org-openide-filesystems_pt_BR.jar:/home/tuomas/.netbeans7.0b2/platform/core/locale/org-openide-filesystems_ru.jar:/home/tuomas/.netbeans7.0b2/platform/core/locale/org-openide-filesystems_zh_CN.jar:/home/tuomas/.netbeans7.0b2/nb/core/org-netbeans-upgrader.jar:/home/tuomas/.netbeans7.0b2/nb/core/locale/core_nb.jar:/home/tuomas/.netbeans7.0b2/nb/core/locale/core_nb_ja.jar:/home/tuomas/.netbeans7.0b2/nb/core/locale/core_nb_pt_BR.jar:/home/tuomas/.netbeans7.0b2/nb/core/locale/core_nb_ru.jar:/home/tuomas/.netbeans7.0b2/nb/core/locale/core_nb_zh_CN.jar:/home/tuomas/.netbeans7.0b2/nb/core/locale/org-netbeans-upgrader_ja.jar:/home/tuomas/.netbeans7.0b2/nb/core/locale/org-netbeans-upgrader_pt_BR.jar:/home/tuomas/.netbeans7.0b2/nb/core/locale/org-netbeans-upgrader_ru.jar:/home/tuomas/.netbeans7.0b2/nb/core/locale/org-netbeans-upgrader_zh_CN.jar" />
    <property name="manifest.available+main.class" value="true" />
    <property name="libs.beans-binding.javadoc" value="/home/tuomas/.netbeans7.0b2/java/docs/beansbinding-1.2.1-doc.zip" />
    <property name="platform.active" value="default_platform" />
    <property name="ap.cmd.line.internal" value="" />
    <property name="libs.spring-framework300.classpath" value="/home/tuomas/.netbeans7.0b2/ide/modules/ext/commons-logging-1.1.jar:/home/tuomas/.netbeans7.0b2/java/modules/ext/cglib-2.2.jar:/home/tuomas/.netbeans7.0b2/java/modules/ext/spring-3.0/spring-aop-3.0.2.RELEASE.jar:/home/tuomas/.netbeans7.0b2/java/modules/ext/spring-3.0/spring-asm-3.0.2.RELEASE.jar:/home/tuomas/.netbeans7.0b2/java/modules/ext/spring-3.0/spring-aspects-3.0.2.RELEASE.jar:/home/tuomas/.netbeans7.0b2/java/modules/ext/spring-3.0/spring-beans-3.0.2.RELEASE.jar:/home/tuomas/.netbeans7.0b2/java/modules/ext/spring-3.0/spring-context-3.0.2.RELEASE.jar:/home/tuomas/.netbeans7.0b2/java/modules/ext/spring-3.0/spring-context-support-3.0.2.RELEASE.jar:/home/tuomas/.netbeans7.0b2/java/modules/ext/spring-3.0/spring-core-3.0.2.RELEASE.jar:/home/tuomas/.netbeans7.0b2/java/modules/ext/spring-3.0/spring-expression-3.0.2.RELEASE.jar:/home/tuomas/.netbeans7.0b2/java/modules/ext/spring-3.0/spring-instrument-3.0.2.RELEASE.jar:/home/tuomas/.netbeans7.0b2/java/modules/ext/spring-3.0/spring-instrument-tomcat-3.0.2.RELEASE.jar:/home/tuomas/.netbeans7.0b2/java/modules/ext/spring-3.0/spring-jdbc-3.0.2.RELEASE.jar:/home/tuomas/.netbeans7.0b2/java/modules/ext/spring-3.0/spring-jms-3.0.2.RELEASE.jar:/home/tuomas/.netbeans7.0b2/java/modules/ext/spring-3.0/spring-orm-3.0.2.RELEASE.jar:/home/tuomas/.netbeans7.0b2/java/modules/ext/spring-3.0/spring-oxm-3.0.2.RELEASE.jar:/home/tuomas/.netbeans7.0b2/java/modules/ext/spring-3.0/spring-test-3.0.2.RELEASE.jar:/home/tuomas/.netbeans7.0b2/java/modules/ext/spring-3.0/spring-tx-3.0.2.RELEASE.jar:/home/tuomas/.netbeans7.0b2/java/modules/ext/spring-3.0/spring-web-3.0.2.RELEASE.jar:/home/tuomas/.netbeans7.0b2/java/modules/ext/spring-3.0/spring-webmvc-portlet-3.0.2.RELEASE.jar:/home/tuomas/.netbeans7.0b2/java/modules/ext/spring-3.0/spring-webmvc-3.0.2.RELEASE.jar:/home/tuomas/.netbeans7.0b2/java/modules/ext/spring-3.0/spring-struts-3.0.2.RELEASE.jar" />
    <property name="libs.junit_4.javadoc" value="/home/tuomas/.netbeans7.0b2/java/docs/junit-4.8.2-api.zip" />
    <property name="libs.spring-framework.src" value="" />
    <property name="netbeans.autoupdate.country" value="US" />
    <property name="libs.beans-binding.maven-pom" value="" />
    <property name="do.mkdist" value="true" />
    <property name="javadoc.encoding" value="UTF-8" />
    <property name="java.awt.printerjob" value="sun.print.PSPrinterJob" />
    <property name="do.archive" value="true" />
    <property name="ant.file.Sakki" value="/home/tuomas/opiskelu/sakki/build.xml" />
    <property name="dist.jar" value="dist/Sakki.jar" />
    <property name="meta.inf.dir" value="src/META-INF" />
    <property name="ant.version" value="Apache Ant(TM) version 1.8.2 compiled on December 20 2010" />
    <property name="netbeans.home" value="/home/tuomas/.netbeans7.0b2/platform" />
    <property name="javadoc.nonavbar" value="false" />
    <property name="user.properties.file" value="/home/tuomas/.netbeans/7.0beta2/build.properties" />
    <property name="libs.JWSAntTasks.classpath" value="/home/tuomas/.netbeans7.0b2/java/ant/extra/org-netbeans-modules-javawebstart-anttasks.jar" />
    <property name="libs.toplink.classpath" value="/home/tuomas/.netbeans7.0b2/java/modules/ext/toplink/toplink-essentials.jar:/home/tuomas/.netbeans7.0b2/java/modules/ext/toplink/toplink-essentials-agent.jar" />
    <property name="netbeans.importclass" value="org.netbeans.upgrade.AutoUpgrade" />
    <property name="libs.spring-framework.javadoc" value="" />
    <property name="libs.CopyLibs.maven-pom" value="" />
    <property name="useJavaUtilZip" value="true" />
    <property name="build.generated.dir" value="build/generated" />
    <property name="netbeans.home+have.tests" value="true" />
    <property name="libs.eclipselink.maven-pom" value="" />
    <property name="apple.awt.graphics.UseQuartz" value="true" />
    <property name="os.name" value="Linux" />
    <property name="java.specification.vendor" value="Sun Microsystems Inc." />
    <property name="run.test.classpath" value=":build/classes:/home/tuomas/.netbeans7.0b2/platform/modules/ext/junit-4.8.2.jar:build/test/classes" />
    <property name="do.archive+main.class.available" value="true" />
    <property name="java.vm.name" value="OpenJDK 64-Bit Server VM" />
    <property name="libs.CopyLibs.src" value="" />
    <property name="manifest.available-mkdist.available" value="true" />
    <property name="org.openide.version" value="deprecated" />
    <property name="libs.junit.classpath" value="/home/tuomas/.netbeans7.0b2/java/modules/ext/junit-3.8.2.jar" />
    <property name="libs.beans-binding.src" value="" />
    <property name="java.library.path" value="/usr/lib/jvm/java-6-openjdk/jre/lib/amd64/server:/usr/lib/jvm/java-6-openjdk/jre/lib/amd64:/usr/lib/jvm/java-6-openjdk/jre/../lib/amd64:/usr/java/packages/lib/amd64:/usr/lib/jni:/lib:/usr/lib" />
    <property name="libs.toplink.javadoc" value="" />
    <property name="libs.PostgreSQLDriver.javadoc" value="" />
    <property name="libs.eclipselinkmodelgen.maven-pom" value="" />
    <property name="ant.java.version" value="1.6" />
    <property name="java.class.version" value="50.0" />
    <property name="basedir" value="/home/tuomas/opiskelu/sakki" />
    <property name="javadoc.noindex" value="false" />
    <property name="sun.awt.exception.handler" value="org.netbeans.core.startup.TopLogging$AWTHandler" />
    <property name="javac.test.classpath" value=":build/classes:/home/tuomas/.netbeans7.0b2/platform/modules/ext/junit-4.8.2.jar" />
    <property name="javac.processorpath" value="" />
    <property name="ant.home" value="/home/tuomas/.netbeans7.0b2/java/ant" />
    <property name="libs.hibernate-persistence.src" value="" />
    <property name="javadoc.splitindex" value="true" />
    <property name="libs.toplink.src" value="" />
    <property name="libs.javac-api.javadoc" value="" />
    <property name="javac.test.processorpath" value=":build/classes:/home/tuomas/.netbeans7.0b2/platform/modules/ext/junit-4.8.2.jar" />
    <property name="javadoc.preview" value="true" />
    <property name="libs.MySQLDriver.maven-pom" value="" />
    <property name="libs.CopyLibs.javadoc" value="" />
    <property name="libs.PostgreSQLDriver.classpath" value="/home/tuomas/.netbeans7.0b2/ide/modules/ext/postgresql-8.3-603.jdbc3.jar" />
    <property name="junit.forkmode" value="perTest" />
    <property name="libs.junit_4.classpath" value="/home/tuomas/.netbeans7.0b2/platform/modules/ext/junit-4.8.2.jar" />
    <property name="libs.jaxws21.maven-pom" value="" />
    <property name="build.dir" value="build" />
    <property name="sun.boot.library.path" value="/usr/lib/jvm/java-6-openjdk/jre/lib/amd64" />
    <property name="libs.swing-app-framework.classpath" value="/home/tuomas/.netbeans7.0b2/java/modules/ext/appframework-1.0.3.jar:/home/tuomas/.netbeans7.0b2/java/modules/ext/swing-worker-1.1.jar" />
    <property name="sun.management.compiler" value="HotSpot 64-Bit Server Compiler" />
    <property name="libs.ejb3-persistence.javadoc" value="" />
    <property name="java.awt.graphicsenv" value="sun.awt.X11GraphicsEnvironment" />
    <property name="netbeans.logger.console" value="true" />
    <property name="javadoc.encoding.used" value="UTF-8" />
    <property name="javadoc.windowtitle" value="" />
    <property name="libs.hibernate-support.src" value="" />
    <property name="annotation.processing.enabled" value="true" />
    <property name="run.jvmargs" value="" />
    <property name="build.generated.sources.dir" value="build/generated-sources" />
    <property name="build.compiler.emacs" value="true" />
    <property name="ant.project.name" value="Sakki" />
    <property name="libs.spring-framework.classpath" value="/home/tuomas/.netbeans7.0b2/ide/modules/ext/commons-logging-1.1.jar:/home/tuomas/.netbeans7.0b2/java/modules/ext/cglib-2.2.jar:/home/tuomas/.netbeans7.0b2/java/modules/ext/spring/spring-2.5.6.SEC01.jar" />
    <property name="libs.swing-layout.classpath" value="/home/tuomas/.netbeans7.0b2/platform/modules/ext/swing-layout-1.0.4.jar" />
    <property name="java.vm.specification.version" value="1.0" />
    <property name="work.dir" value="/home/tuomas/opiskelu/sakki" />
    <property name="libs.jaxb.classpath" value="/home/tuomas/.netbeans7.0b2/ide/modules/ext/jaxb/jaxb-impl.jar:/home/tuomas/.netbeans7.0b2/ide/modules/ext/jaxb/jaxb-xjc.jar:/home/tuomas/.netbeans7.0b2/ide/modules/ext/jaxb/jaxb1-impl.jar:/home/tuomas/.netbeans7.0b2/ide/modules/ext/jaxb/activation.jar:/home/tuomas/.netbeans7.0b2/ide/modules/ext/jaxb/api/jaxb-api.jar:/home/tuomas/.netbeans7.0b2/ide/modules/ext/jaxb/api/jsr173_api.jar" />
    <property name="manifest.available+main.class-mkdist.available" value="true" />
    <property name="javadoc.use" value="true" />
    <property name="sun.cpu.isalist" value="" />
    <property name="java.ext.dirs" value="/usr/lib/jvm/java-6-openjdk/jre/lib/ext:/usr/java/packages/lib/ext" />
    <property name="os.version" value="2.6.35-28-generic" />
    <property name="excludes" value="" />
    <property name="user.home" value="/home/tuomas" />
    <property name="org.xml.sax.driver" value="com.sun.org.apache.xerces.internal.jaxp.SAXParserImpl$JAXPSAXParser" />
    <property name="java.vm.vendor" value="Sun Microsystems Inc." />
    <property name="ant.file.type.Sakki-impl" value="file" />
    <property name="libs.absolutelayout.maven-pom" value="" />
    <property name="user.dir" value="/home/tuomas/opiskelu/sakki" />
    <property name="debug-transport" value="dt_socket" />
    <property name="libs.ejb3-persistence.maven-pom" value="" />
    <property name="application.args" value="" />
    <property name="sun.cpu.endian" value="little" />
    <property name="compile.on.save" value="true" />
    <property name="ignore.failing.tests" value="true" />
    <property name="libs.hibernate-support.classpath" value="/home/tuomas/.netbeans7.0b2/java/modules/ext/hibernate/antlr-2.7.6.jar:/home/tuomas/.netbeans7.0b2/java/modules/ext/hibernate/asm.jar:/home/tuomas/.netbeans7.0b2/java/modules/ext/hibernate/asm-attrs.jar:/home/tuomas/.netbeans7.0b2/java/modules/ext/hibernate/cglib-2.1.3.jar:/home/tuomas/.netbeans7.0b2/java/modules/ext/hibernate/commons-collections-2.1.1.jar:/home/tuomas/.netbeans7.0b2/ide/modules/ext/commons-logging-1.1.jar:/home/tuomas/.netbeans7.0b2/java/modules/ext/hibernate/dom4j-1.6.1.jar:/home/tuomas/.netbeans7.0b2/java/modules/ext/hibernate/ehcache-1.2.3.jar:/home/tuomas/.netbeans7.0b2/java/modules/ext/hibernate/jdbc2_0-stdext.jar:/home/tuomas/.netbeans7.0b2/java/modules/ext/hibernate/jta.jar:/home/tuomas/.netbeans7.0b2/java/modules/ext/hibernate/hibernate3.jar:/home/tuomas/.netbeans7.0b2/java/modules/ext/hibernate/hibernate-tools.jar:/home/tuomas/.netbeans7.0b2/java/modules/ext/hibernate/hibernate-annotations.jar:/home/tuomas/.netbeans7.0b2/java/modules/ext/hibernate/hibernate-commons-annotations.jar:/home/tuomas/.netbeans7.0b2/java/modules/ext/hibernate/hibernate-entitymanager.jar:/home/tuomas/.netbeans7.0b2/java/modules/ext/hibernate/javassist.jar" />
    <property name="endorsed.classpath.cmd.line.arg" value="-Xbootclasspath/p:&apos;/home/tuomas/opiskelu/sakki/${endorsed.classpath}&apos;" />
    <property name="libs.eclipselinkmodelgen.javadoc" value="" />
    <property name="jar.index" value="false" />
    <property name="libs.spring-framework300.javadoc" value="" />
    <property name="libs.MySQLDriver.src" value="" />
    <property name="java.vm.version" value="19.0-b09" />
    <property name="libs.hibernate-persistence.classpath" value="/home/tuomas/.netbeans7.0b2/java/modules/ext/hibernate/antlr-2.7.6.jar:/home/tuomas/.netbeans7.0b2/java/modules/ext/hibernate/asm.jar:/home/tuomas/.netbeans7.0b2/java/modules/ext/hibernate/asm-attrs.jar:/home/tuomas/.netbeans7.0b2/java/modules/ext/hibernate/cglib-2.1.3.jar:/home/tuomas/.netbeans7.0b2/java/modules/ext/hibernate/commons-collections-2.1.1.jar:/home/tuomas/.netbeans7.0b2/ide/modules/ext/commons-logging-1.1.jar:/home/tuomas/.netbeans7.0b2/java/modules/ext/hibernate/dom4j-1.6.1.jar:/home/tuomas/.netbeans7.0b2/java/modules/ext/hibernate/ehcache-1.2.3.jar:/home/tuomas/.netbeans7.0b2/java/modules/ext/hibernate/jdbc2_0-stdext.jar:/home/tuomas/.netbeans7.0b2/java/modules/ext/hibernate/jta.jar:/home/tuomas/.netbeans7.0b2/java/modules/ext/hibernate/hibernate3.jar:/home/tuomas/.netbeans7.0b2/java/modules/ext/hibernate/hibernate-tools.jar:/home/tuomas/.netbeans7.0b2/java/modules/ext/hibernate/hibernate-annotations.jar:/home/tuomas/.netbeans7.0b2/java/modules/ext/hibernate/hibernate-commons-annotations.jar:/home/tuomas/.netbeans7.0b2/java/modules/ext/hibernate/hibernate-entitymanager.jar:/home/tuomas/.netbeans7.0b2/java/modules/ext/hibernate/javassist.jar:/home/tuomas/.netbeans7.0b2/java/modules/ext/hibernate/ejb3-persistence.jar" />
    <property name="java.class.path" value="/home/tuomas/opiskelu/sakki/build/classes:/home/tuomas/.netbeans7.0b2/platform/modules/ext/junit-4.8.2.jar:/home/tuomas/opiskelu/sakki/build/test/classes:/home/tuomas/.netbeans7.0b2/java/ant/lib/ant-launcher.jar:/home/tuomas/.netbeans7.0b2/java/ant/lib/ant.jar:/home/tuomas/.netbeans7.0b2/java/ant/lib/ant-junit.jar:/home/tuomas/.netbeans7.0b2/java/ant/lib/ant-junit4.jar" />
    <property name="annotation.processing.processor.options" value="" />
    <property name="os.arch" value="amd64" />
    <property name="javac.deprecation" value="false" />
    <property name="build.classes.excludes" value="**/*.java,**/*.form" />
    <property name="dist.dir" value="dist" />
    <property name="netbeans.user" value="/home/tuomas/.netbeans/7.0beta2" />
    <property name="debug.classpath" value=":build/classes" />
    <property name="sun.java.launcher" value="SUN_STANDARD" />
    <property name="ant.file.type.Sakki" value="file" />
    <property name="jar.index.metainf" value="false" />
    <property name="ant.core.lib" value="/home/tuomas/.netbeans7.0b2/java/ant/lib/ant.jar" />
    <property name="java.vm.specification.vendor" value="Sun Microsystems Inc." />
    <property name="do.depend" value="false" />
    <property name="file.separator" value="/" />
    <property name="java.runtime.version" value="1.6.0_20-b20" />
    <property name="sun.boot.class.path" value="/home/tuomas/opiskelu/sakki/${endorsed.classpath}:/usr/lib/jvm/java-6-openjdk/jre/lib/resources.jar:/usr/lib/jvm/java-6-openjdk/jre/lib/rt.jar:/usr/lib/jvm/java-6-openjdk/jre/lib/sunrsasign.jar:/usr/lib/jvm/java-6-openjdk/jre/lib/jsse.jar:/usr/lib/jvm/java-6-openjdk/jre/lib/jce.jar:/usr/lib/jvm/java-6-openjdk/jre/lib/charsets.jar:/usr/lib/jvm/java-6-openjdk/jre/lib/netx.jar:/usr/lib/jvm/java-6-openjdk/jre/lib/plugin.jar:/usr/lib/jvm/java-6-openjdk/jre/lib/rhino.jar:/usr/lib/jvm/java-6-openjdk/jre/lib/modules/jdk.boot.jar:/usr/lib/jvm/java-6-openjdk/jre/classes" />
    <property name="debug.test.classpath" value=":build/classes:/home/tuomas/.netbeans7.0b2/platform/modules/ext/junit-4.8.2.jar:build/test/classes" />
    <property name="javax.accessibility.assistive_technologies" value="org.GNOME.Accessibility.JavaBridge" />
    <property name="libs.beans-binding.classpath" value="/home/tuomas/.netbeans7.0b2/java/modules/ext/beansbinding-1.2.1.jar" />
    <property name="main.class" value="sakki.Main" />
    <property name="have.tests" value="true" />
    <property name="libs.JWSAntTasks.maven-pom" value="" />
    <property name="java.util.logging.config.class" value="org.netbeans.core.startup.TopLogging" />
    <property name="libs.javac-api.classpath" value="/home/tuomas/.netbeans7.0b2/java/modules/ext/javac-api-nb-7.0-b07.jar" />
    <property name="user.country" value="US" />
    <property name="javadoc.notree" value="false" />
    <property name="libs.spring-framework300.maven-pom" value="" />
    <property name="libs.jaxws21.javadoc" value="/home/tuomas/.netbeans7.0b2/java/docs/jaxws-api-doc.zip" />
    <property name="default.javac.target" value="1.6" />
    <property name="javadoc.additionalparam" value="" />
    <property name="javac.classpath" value="" />
    <property name="build.classes.dir" value="build/classes" />
    <property name="do.archive+manifest.available" value="true" />
    <property name="libs.swing-layout.javadoc" value="/home/tuomas/.netbeans7.0b2/platform/docs/swing-layout-1.0.4-doc.zip" />
    <property name="libs.swing-layout.src" value="/home/tuomas/.netbeans7.0b2/platform/docs/swing-layout-1.0.4-src.zip" />
    <property name="javac.target" value="1.5" />
    <property name="java.vendor" value="Sun Microsystems Inc." />
    <property name="libs.eclipselink.classpath" value="/home/tuomas/.netbeans7.0b2/java/modules/ext/eclipselink/eclipselink-2.2.0.jar:/home/tuomas/.netbeans7.0b2/java/modules/ext/eclipselink/eclipselink-javax.persistence-2.0.jar" />
    <property name="runtime.encoding" value="UTF-8" />
    <property name="libs.swing-app-framework.src" value="" />
    <property name="java.specification.version" value="1.6" />
    <property name="libs.JWSAntTasks.javadoc" value="" />
    <property name="sun.arch.data.model" value="64" />
  </properties>
  <testcase classname="sakki.MoveTest" name="simpleMove" time="0.007" />
  <testcase classname="sakki.MoveTest" name="capturingMove" time="0.001" />
  <testcase classname="sakki.MoveTest" name="nontrivialMove" time="0.0" />
  <testcase classname="sakki.MoveTest" name="castlingMove" time="0.001" />
  <testcase classname="sakki.MoveTest" name="invalidMove" time="0.001" />
  <system-out><![CDATA[DEBUG::p
From: null
Xtra: null
DEBUG::N
From: e
Xtra: null
DEBUG::p
From: null
DEBUG::Q
Xtra: +
]]></system-out>
  <system-err><![CDATA[]]></system-err>
</testsuite>
